2024-05-11 13:11:23,735 - INFO - Test 'tests/test_FirstTaskPage.py::test_first_task_first' passed
2024-05-11 13:11:33,343 - ERROR - link is invalid
2024-05-11 13:11:33,394 - ERROR - Test 'tests/test_FirstTaskPage.py::test_first_task_second' failed: browser = <selenium.webdriver.chrome.webdriver.WebDriver (session="31d1a200c791c35a64837c1ac63850ee")>
setup_logging = <Logger tests.conftest (DEBUG)>

    def test_first_task_second(browser, setup_logging):
        firsttaskpage = FirstTaskPage(browser)
        output = firsttaskpage.TextLinkOpen()
>       assert output[0] != None, setup_logging.error("link is invalid")
E       AssertionError: None
E       assert None != None

tests\test_FirstTaskPage.py:12: AssertionError
2024-05-11 13:11:38,014 - INFO - Test 'tests/test_FirstTaskPageThird.py::test_first_task_third' passed
2024-05-11 13:11:46,888 - INFO - Test 'tests/test_SecondTaskPage.py::test_RegionCheck' passed
2024-05-11 13:11:59,847 - ERROR - Test 'tests/test_SecondTaskPage.py::test_RegionsSwitchCheck' failed: browser = <selenium.webdriver.chrome.webdriver.WebDriver (session="cd4403e608cf1febc38bf2ef5722d154")>
setup_logging = <Logger tests.conftest (DEBUG)>

    def test_RegionsSwitchCheck(browser, setup_logging):
        secondtaskpage = SecondTaskPage(browser)
>       region, list_of_orgs, url, title_of_new_page, new_region, new_list_of_orgs = secondtaskpage.RegionCheck()
E       ValueError: not enough values to unpack (expected 6, got 2)

tests\test_SecondTaskPage.py:12: ValueError
