2024-05-11 14:39:35,692 - INFO - Test 'tests/test_FirstTaskPage.py::test_first_task_first' passed
2024-05-11 14:39:45,489 - ERROR - link is invalid
2024-05-11 14:39:45,541 - ERROR - Test 'tests/test_FirstTaskPage.py::test_first_task_second' failed: browser = <selenium.webdriver.chrome.webdriver.WebDriver (session="c24ea821ed77e433584ec4e53b2c0a7b")>
setup_logging = <Logger tests.conftest (DEBUG)>

    def test_first_task_second(browser, setup_logging):
        firsttaskpage = FirstTaskPage(browser)
        output = firsttaskpage.TextLinkOpen()
>       assert output[0] != None, setup_logging.error("link is invalid")
E       AssertionError: None
E       assert None != None

tests\test_FirstTaskPage.py:12: AssertionError
2024-05-11 14:39:50,155 - INFO - Test 'tests/test_FirstTaskPageThird.py::test_first_task_third' passed
2024-05-11 14:39:58,933 - INFO - Test 'tests/test_SecondTaskPage.py::test_RegionCheck' passed
