2024-05-11 13:08:14,688 - ERROR - some mistake here
2024-05-11 13:08:14,749 - ERROR - Test 'tests/test_FirstTaskPage.py::test_first_task_first' failed: browser = <selenium.webdriver.chrome.webdriver.WebDriver (session="97fe73ee7f0d8c04c7a40c531081cddb")>
setup_logging = <Logger tests.conftest (DEBUG)>

    def test_first_task_first(browser, setup_logging):
        firsttaskpage = FirstTaskPage(browser)
        # assert firsttaskpage.FindFirstPhrase(), 'Блока "Сила в людях" нету в html коде'
>       assert 0 == 1, setup_logging.error("some mistake here")
E       AssertionError: None
E       assert 0 == 1

tests\test_FirstTaskPage.py:7: AssertionError
2024-05-11 13:08:20,300 - INFO - Test 'tests/test_FirstTaskPage.py::test_first_task_second' passed
2024-05-11 13:08:28,977 - INFO - Test 'tests/test_FirstTaskPageThird.py::test_first_task_third' passed
2024-05-11 13:08:37,958 - INFO - Test 'tests/test_SecondTaskPage.py::test_RegionCheck' passed
2024-05-11 13:08:46,839 - ERROR - Test 'tests/test_SecondTaskPage.py::test_RegionsSwitchCheck' failed: browser = <selenium.webdriver.chrome.webdriver.WebDriver (session="099df06b33a655cb35c6039fdce5c481")>
setup_logging = <Logger tests.conftest (DEBUG)>

    def test_RegionsSwitchCheck(browser, setup_logging):
        secondtaskpage = SecondTaskPage(browser)
>       region, list_of_orgs, url, title_of_new_page, new_region, new_list_of_orgs = secondtaskpage.RegionCheck()
E       ValueError: not enough values to unpack (expected 6, got 2)

tests\test_SecondTaskPage.py:12: ValueError
